Application/build/intermediates/manifest_merge_blame_file/debug/manifest-merger-blame-debug-report.txt
1<?xml version="1.0" encoding="utf-8"?>
2<!--
3 Copyright 2015 The Android Open Source Project
4
5 Licensed under the Apache License, Version 2.0 (the "License");
6 you may not use this file except in compliance with the License.
7 You may obtain a copy of the License at
8
9     http://www.apache.org/licenses/LICENSE-2.0
10
11 Unless required by applicable law or agreed to in writing, software
12 distributed under the License is distributed on an "AS IS" BASIS,
13 WITHOUT WARRANTIES OR CONDITIONS OF ANY KIND, either express or implied.
14 See the License for the specific language governing permissions and
15 limitations under the License.
16-->
17<manifest xmlns:android="http://schemas.android.com/apk/res/android"
18    package="nl.ddq.android.spectacle"
19    android:versionCode="1"
20    android:versionName="1.0" >
21
22    <uses-sdk
23        android:minSdkVersion="21"
23-->src/main/AndroidManifest.xml
24        android:targetSdkVersion="26" />
24-->src/main/AndroidManifest.xml
25
26    <!-- Min/target SDK versions (<uses-sdk>) managed by build.gradle -->
27    <uses-permission android:name="android.permission.CAMERA" />
27-->src/main/AndroidManifest.xml:24:5-65
27-->src/main/AndroidManifest.xml:24:22-62
28    <uses-permission android:name="android.permission.WRITE_EXTERNAL_STORAGE" />
28-->src/main/AndroidManifest.xml:25:5-81
28-->src/main/AndroidManifest.xml:25:22-78
29    <uses-permission android:name="android.permission.READ_EXTERNAL_STORAGE" />
29-->src/main/AndroidManifest.xml:26:5-80
29-->src/main/AndroidManifest.xml:26:22-77
30    <uses-permission android:name="android.permission.ACCESS_COARSE_LOCATION" />
30-->src/main/AndroidManifest.xml:27:5-81
30-->src/main/AndroidManifest.xml:27:22-78
31    <uses-permission android:name="android.permission.ACCESS_FINE_LOCATION" />
31-->src/main/AndroidManifest.xml:28:5-79
31-->src/main/AndroidManifest.xml:28:22-76
32    <uses-permission android:name="android.permission.ACCESS_NETWORK_STATE" />
32-->src/main/AndroidManifest.xml:29:5-79
32-->src/main/AndroidManifest.xml:29:22-76
33    <uses-permission android:name="android.permission.INTERNET" />
33-->src/main/AndroidManifest.xml:30:5-67
33-->src/main/AndroidManifest.xml:30:22-64
34    <uses-permission android:name="com.google.android.c2dm.permission.RECEIVE" />
34-->src/main/AndroidManifest.xml:31:5-82
34-->src/main/AndroidManifest.xml:31:22-79
35
36    <!-- A camera with RAW capability is required to use this application -->
37    <uses-feature android:name="android.hardware.camera" />
37-->src/main/AndroidManifest.xml:34:5-60
37-->src/main/AndroidManifest.xml:34:19-57
38    <uses-feature android:name="android.hardware.camera.raw" />
38-->src/main/AndroidManifest.xml:35:5-64
38-->src/main/AndroidManifest.xml:35:19-61
39    <uses-feature android:name="android.hardware.location.gps" />
39-->src/main/AndroidManifest.xml:36:5-66
39-->src/main/AndroidManifest.xml:36:19-63
40    <uses-feature android:name="android.hardware.location.network" />
40-->src/main/AndroidManifest.xml:37:5-70
40-->src/main/AndroidManifest.xml:37:19-67
41
42    <uses-permission android:name="android.permission.WAKE_LOCK" />
42-->[com.google.android.gms:play-services-measurement-api:17.4.1] AndroidManifest.xml:24:5-68
42-->[com.google.android.gms:play-services-measurement-api:17.4.1] AndroidManifest.xml:24:22-65
43    <uses-permission android:name="com.google.android.finsky.permission.BIND_GET_INSTALL_REFERRER_SERVICE" />
43-->[com.google.android.gms:play-services-measurement:17.4.1] AndroidManifest.xml:26:5-110
43-->[com.google.android.gms:play-services-measurement:17.4.1] AndroidManifest.xml:26:22-107
44
45    <application
45-->src/main/AndroidManifest.xml:40:5-80:19
46        android:allowBackup="true"
46-->src/main/AndroidManifest.xml:40:18-44
47        android:appComponentFactory="androidx.core.app.CoreComponentFactory"
47-->[androidx.core:core:1.2.0] AndroidManifest.xml:24:18-86
48        android:debuggable="true"
49        android:icon="@drawable/ic_launcher"
49-->src/main/AndroidManifest.xml:43:9-45
50        android:label="@string/app_name"
50-->src/main/AndroidManifest.xml:41:9-41
51        android:theme="@style/MaterialTheme" >
51-->src/main/AndroidManifest.xml:44:9-45
52        <activity
52-->src/main/AndroidManifest.xml:45:9-52:20
53            android:name="nl.ddq.android.spectacle.CameraActivity"
53-->src/main/AndroidManifest.xml:45:19-73
54            android:label="@string/app_name"
54-->src/main/AndroidManifest.xml:47:13-45
55            android:screenOrientation="portrait" >
55-->src/main/AndroidManifest.xml:46:13-49
56            <intent-filter>
56-->src/main/AndroidManifest.xml:48:13-51:29
57                <action android:name="android.intent.action.MAIN" />
57-->src/main/AndroidManifest.xml:49:17-69
57-->src/main/AndroidManifest.xml:49:25-66
58
59                <category android:name="android.intent.category.LAUNCHER" />
59-->src/main/AndroidManifest.xml:50:17-77
59-->src/main/AndroidManifest.xml:50:27-74
60            </intent-filter>
61        </activity>
62
63        <service
63-->src/main/AndroidManifest.xml:54:9-60:19
64            android:name="com.parse.fcm.ParseFirebaseInstanceIdService"
64-->src/main/AndroidManifest.xml:55:13-72
65            android:exported="true" >
65-->src/main/AndroidManifest.xml:56:13-36
66            <intent-filter>
66-->src/main/AndroidManifest.xml:57:13-59:29
67                <action android:name="com.google.firebase.INSTANCE_ID_EVENT" />
67-->src/main/AndroidManifest.xml:58:17-80
67-->src/main/AndroidManifest.xml:58:25-77
68            </intent-filter>
69        </service>
70        <service android:name="com.parse.fcm.ParseFirebaseMessagingService" >
70-->src/main/AndroidManifest.xml:63:9-68:19
70-->src/main/AndroidManifest.xml:64:13-71
71            <intent-filter>
71-->src/main/AndroidManifest.xml:65:13-67:29
72                <action android:name="com.google.firebase.MESSAGING_EVENT" />
72-->src/main/AndroidManifest.xml:66:17-77
72-->src/main/AndroidManifest.xml:66:25-75
73            </intent-filter>
74        </service>
75
76        <receiver
76-->src/main/AndroidManifest.xml:70:9-78:20
77            android:name="com.parse.ParsePushBroadcastReceiver"
77-->src/main/AndroidManifest.xml:71:13-64
78            android:exported="false" >
78-->src/main/AndroidManifest.xml:72:13-37
79            <intent-filter>
79-->src/main/AndroidManifest.xml:73:13-77:29
80                <action android:name="com.parse.push.intent.RECEIVE" />
80-->src/main/AndroidManifest.xml:74:17-72
80-->src/main/AndroidManifest.xml:74:25-69
81                <action android:name="com.parse.push.intent.DELETE" />
81-->src/main/AndroidManifest.xml:75:17-71
81-->src/main/AndroidManifest.xml:75:25-68
82                <action android:name="com.parse.push.intent.OPEN" />
82-->src/main/AndroidManifest.xml:76:17-69
82-->src/main/AndroidManifest.xml:76:25-66
83            </intent-filter>
84        </receiver>
85
86        <service
86-->[com.google.firebase:firebase-inappmessaging-display:19.0.6] AndroidManifest.xml:15:9-21:19
87            android:name="com.google.firebase.components.ComponentDiscoveryService"
87-->[com.google.firebase:firebase-inappmessaging-display:19.0.6] AndroidManifest.xml:16:13-84
88            android:directBootAware="true"
88-->[com.google.firebase:firebase-common:19.3.0] AndroidManifest.xml:34:13-43
89            android:exported="false" >
89-->[com.google.firebase:firebase-inappmessaging-display:19.0.6] AndroidManifest.xml:17:13-37
90            <meta-data
90-->[com.google.firebase:firebase-inappmessaging-display:19.0.6] AndroidManifest.xml:18:13-20:85
91                android:name="com.google.firebase.components:com.google.firebase.inappmessaging.display.FirebaseInAppMessagingDisplayRegistrar"
91-->[com.google.firebase:firebase-inappmessaging-display:19.0.6] AndroidManifest.xml:19:17-144
92                android:value="com.google.firebase.components.ComponentRegistrar" />
92-->[com.google.firebase:firebase-inappmessaging-display:19.0.6] AndroidManifest.xml:20:17-82
93            <meta-data
93-->[com.google.firebase:firebase-messaging:20.1.6] AndroidManifest.xml:38:13-40:85
94                android:name="com.google.firebase.components:com.google.firebase.messaging.FirebaseMessagingRegistrar"
94-->[com.google.firebase:firebase-messaging:20.1.6] AndroidManifest.xml:39:17-119
95                android:value="com.google.firebase.components.ComponentRegistrar" />
95-->[com.google.firebase:firebase-messaging:20.1.6] AndroidManifest.xml:40:17-82
96            <meta-data
96-->[com.google.firebase:firebase-storage:19.1.1] AndroidManifest.xml:33:13-35:85
97                android:name="com.google.firebase.components:com.google.firebase.storage.StorageRegistrar"
97-->[com.google.firebase:firebase-storage:19.1.1] AndroidManifest.xml:34:17-107
98                android:value="com.google.firebase.components.ComponentRegistrar" />
98-->[com.google.firebase:firebase-storage:19.1.1] AndroidManifest.xml:35:17-82
99            <meta-data
99-->[com.google.firebase:firebase-inappmessaging:19.0.6] AndroidManifest.xml:17:13-19:85
100                android:name="com.google.firebase.components:com.google.firebase.inappmessaging.FirebaseInAppMessagingRegistrar"
100-->[com.google.firebase:firebase-inappmessaging:19.0.6] AndroidManifest.xml:18:17-129
101                android:value="com.google.firebase.components.ComponentRegistrar" />
101-->[com.google.firebase:firebase-inappmessaging:19.0.6] AndroidManifest.xml:19:17-82
102            <meta-data
102-->[com.google.android.gms:play-services-measurement-api:17.4.1] AndroidManifest.xml:30:13-32:85
103                android:name="com.google.firebase.components:com.google.firebase.analytics.connector.internal.AnalyticsConnectorRegistrar"
103-->[com.google.android.gms:play-services-measurement-api:17.4.1] AndroidManifest.xml:31:17-139
104                android:value="com.google.firebase.components.ComponentRegistrar" />
104-->[com.google.android.gms:play-services-measurement-api:17.4.1] AndroidManifest.xml:32:17-82
105            <meta-data
105-->[com.google.firebase:firebase-iid:20.1.6] AndroidManifest.xml:32:13-34:85
106                android:name="com.google.firebase.components:com.google.firebase.iid.Registrar"
106-->[com.google.firebase:firebase-iid:20.1.6] AndroidManifest.xml:33:17-96
107                android:value="com.google.firebase.components.ComponentRegistrar" />
107-->[com.google.firebase:firebase-iid:20.1.6] AndroidManifest.xml:34:17-82
108            <meta-data
108-->[com.google.firebase:firebase-datatransport:17.0.3] AndroidManifest.xml:28:13-30:85
109                android:name="com.google.firebase.components:com.google.firebase.datatransport.TransportRegistrar"
109-->[com.google.firebase:firebase-datatransport:17.0.3] AndroidManifest.xml:29:17-115
110                android:value="com.google.firebase.components.ComponentRegistrar" />
110-->[com.google.firebase:firebase-datatransport:17.0.3] AndroidManifest.xml:30:17-82
111            <meta-data
111-->[com.google.firebase:firebase-installations:16.2.2] AndroidManifest.xml:17:13-19:85
112                android:name="com.google.firebase.components:com.google.firebase.installations.FirebaseInstallationsRegistrar"
112-->[com.google.firebase:firebase-installations:16.2.2] AndroidManifest.xml:18:17-127
113                android:value="com.google.firebase.components.ComponentRegistrar" />
113-->[com.google.firebase:firebase-installations:16.2.2] AndroidManifest.xml:19:17-82
114            <meta-data
114-->[com.google.firebase:firebase-abt:19.0.1] AndroidManifest.xml:13:13-15:85
115                android:name="com.google.firebase.components:com.google.firebase.abt.component.AbtRegistrar"
115-->[com.google.firebase:firebase-abt:19.0.1] AndroidManifest.xml:14:17-109
116                android:value="com.google.firebase.components.ComponentRegistrar" />
116-->[com.google.firebase:firebase-abt:19.0.1] AndroidManifest.xml:15:17-82
117        </service>
118        <!--
119             FirebaseMessagingService performs security checks at runtime,
120             but set to not exported to explicitly avoid allowing another app to call it.
121        -->
122        <service
122-->[com.google.firebase:firebase-messaging:20.1.6] AndroidManifest.xml:28:9-34:19
123            android:name="com.google.firebase.messaging.FirebaseMessagingService"
123-->[com.google.firebase:firebase-messaging:20.1.6] AndroidManifest.xml:29:13-82
124            android:exported="false" >
124-->[com.google.firebase:firebase-messaging:20.1.6] AndroidManifest.xml:30:13-37
125            <intent-filter android:priority="-500" >
125-->src/main/AndroidManifest.xml:65:13-67:29
126                <action android:name="com.google.firebase.MESSAGING_EVENT" />
126-->src/main/AndroidManifest.xml:66:17-77
126-->src/main/AndroidManifest.xml:66:25-75
127            </intent-filter>
128        </service>
129
130        <receiver
130-->[com.google.firebase:firebase-iid:20.1.6] AndroidManifest.xml:37:9-44:20
131            android:name="com.google.firebase.iid.FirebaseInstanceIdReceiver"
131-->[com.google.firebase:firebase-iid:20.1.6] AndroidManifest.xml:38:13-78
132            android:exported="true"
132-->[com.google.firebase:firebase-iid:20.1.6] AndroidManifest.xml:39:13-36
133            android:permission="com.google.android.c2dm.permission.SEND" >
133-->[com.google.firebase:firebase-iid:20.1.6] AndroidManifest.xml:40:13-73
134            <intent-filter>
134-->[com.google.firebase:firebase-iid:20.1.6] AndroidManifest.xml:41:13-43:29
135                <action android:name="com.google.android.c2dm.intent.RECEIVE" />
135-->[com.google.firebase:firebase-iid:20.1.6] AndroidManifest.xml:42:17-81
135-->[com.google.firebase:firebase-iid:20.1.6] AndroidManifest.xml:42:25-78
136            </intent-filter>
137        </receiver>
138        <receiver
138-->[com.google.android.gms:play-services-measurement:17.4.1] AndroidManifest.xml:29:9-33:20
139            android:name="com.google.android.gms.measurement.AppMeasurementReceiver"
139-->[com.google.android.gms:play-services-measurement:17.4.1] AndroidManifest.xml:30:13-85
140            android:enabled="true"
140-->[com.google.android.gms:play-services-measurement:17.4.1] AndroidManifest.xml:31:13-35
141            android:exported="false" >
141-->[com.google.android.gms:play-services-measurement:17.4.1] AndroidManifest.xml:32:13-37
142        </receiver>
143
144        <service
144-->[com.google.android.gms:play-services-measurement:17.4.1] AndroidManifest.xml:35:9-38:40
145            android:name="com.google.android.gms.measurement.AppMeasurementService"
145-->[com.google.android.gms:play-services-measurement:17.4.1] AndroidManifest.xml:36:13-84
146            android:enabled="true"
146-->[com.google.android.gms:play-services-measurement:17.4.1] AndroidManifest.xml:37:13-35
147            android:exported="false" />
147-->[com.google.android.gms:play-services-measurement:17.4.1] AndroidManifest.xml:38:13-37
148        <service
148-->[com.google.android.gms:play-services-measurement:17.4.1] AndroidManifest.xml:39:9-43:72
149            android:name="com.google.android.gms.measurement.AppMeasurementJobService"
149-->[com.google.android.gms:play-services-measurement:17.4.1] AndroidManifest.xml:40:13-87
150            android:enabled="true"
150-->[com.google.android.gms:play-services-measurement:17.4.1] AndroidManifest.xml:41:13-35
151            android:exported="false"
151-->[com.google.android.gms:play-services-measurement:17.4.1] AndroidManifest.xml:42:13-37
152            android:permission="android.permission.BIND_JOB_SERVICE" />
152-->[com.google.android.gms:play-services-measurement:17.4.1] AndroidManifest.xml:43:13-69
153
154        <provider
154-->[com.google.firebase:firebase-common:19.3.0] AndroidManifest.xml:26:9-30:39
155            android:name="com.google.firebase.provider.FirebaseInitProvider"
155-->[com.google.firebase:firebase-common:19.3.0] AndroidManifest.xml:27:13-77
156            android:authorities="nl.ddq.android.spectacle.firebaseinitprovider"
156-->[com.google.firebase:firebase-common:19.3.0] AndroidManifest.xml:28:13-72
157            android:exported="false"
157-->[com.google.firebase:firebase-common:19.3.0] AndroidManifest.xml:29:13-37
158            android:initOrder="100" />
158-->[com.google.firebase:firebase-common:19.3.0] AndroidManifest.xml:30:13-36
159
160        <activity
160-->[com.google.android.gms:play-services-base:17.0.0] AndroidManifest.xml:23:9-26:75
161            android:name="com.google.android.gms.common.api.GoogleApiActivity"
161-->[com.google.android.gms:play-services-base:17.0.0] AndroidManifest.xml:24:13-79
162            android:exported="false"
162-->[com.google.android.gms:play-services-base:17.0.0] AndroidManifest.xml:25:13-37
163            android:theme="@android:style/Theme.Translucent.NoTitleBar" />
163-->[com.google.android.gms:play-services-base:17.0.0] AndroidManifest.xml:26:13-72
164
165        <meta-data
165-->[com.google.android.gms:play-services-basement:17.0.0] AndroidManifest.xml:23:9-25:69
166            android:name="com.google.android.gms.version"
166-->[com.google.android.gms:play-services-basement:17.0.0] AndroidManifest.xml:24:13-58
167            android:value="@integer/google_play_services_version" />
167-->[com.google.android.gms:play-services-basement:17.0.0] AndroidManifest.xml:25:13-66
168
169        <service
169-->[com.google.android.datatransport:transport-backend-cct:2.2.0] AndroidManifest.xml:29:9-35:19
170            android:name="com.google.android.datatransport.runtime.backends.TransportBackendDiscovery"
170-->[com.google.android.datatransport:transport-backend-cct:2.2.0] AndroidManifest.xml:30:13-103
171            android:exported="false" >
171-->[com.google.android.datatransport:transport-backend-cct:2.2.0] AndroidManifest.xml:31:13-37
172            <meta-data
172-->[com.google.android.datatransport:transport-backend-cct:2.2.0] AndroidManifest.xml:32:13-34:39
173                android:name="backend:com.google.android.datatransport.cct.CctBackendFactory"
173-->[com.google.android.datatransport:transport-backend-cct:2.2.0] AndroidManifest.xml:33:17-94
174                android:value="cct" />
174-->[com.google.android.datatransport:transport-backend-cct:2.2.0] AndroidManifest.xml:34:17-36
175        </service>
176        <service
176-->[com.google.android.datatransport:transport-runtime:2.2.0] AndroidManifest.xml:26:9-30:19
177            android:name="com.google.android.datatransport.runtime.scheduling.jobscheduling.JobInfoSchedulerService"
177-->[com.google.android.datatransport:transport-runtime:2.2.0] AndroidManifest.xml:27:13-117
178            android:exported="false"
178-->[com.google.android.datatransport:transport-runtime:2.2.0] AndroidManifest.xml:28:13-37
179            android:permission="android.permission.BIND_JOB_SERVICE" >
179-->[com.google.android.datatransport:transport-runtime:2.2.0] AndroidManifest.xml:29:13-69
180        </service>
181
182        <receiver
182-->[com.google.android.datatransport:transport-runtime:2.2.0] AndroidManifest.xml:32:9-34:40
183            android:name="com.google.android.datatransport.runtime.scheduling.jobscheduling.AlarmManagerSchedulerBroadcastReceiver"
183-->[com.google.android.datatransport:transport-runtime:2.2.0] AndroidManifest.xml:33:13-132
184            android:exported="false" />
184-->[com.google.android.datatransport:transport-runtime:2.2.0] AndroidManifest.xml:34:13-37
185
186        <provider
186-->[com.squareup.picasso:picasso:2.71828] AndroidManifest.xml:8:9-11:40
187            android:name="com.squareup.picasso.PicassoProvider"
187-->[com.squareup.picasso:picasso:2.71828] AndroidManifest.xml:9:13-64
188            android:authorities="nl.ddq.android.spectacle.com.squareup.picasso"
188-->[com.squareup.picasso:picasso:2.71828] AndroidManifest.xml:10:13-72
189            android:exported="false" />
189-->[com.squareup.picasso:picasso:2.71828] AndroidManifest.xml:11:13-37
190    </application>
191
192</manifest>